[debug] [2017-09-21T06:40:58.226Z] ----------------------------------------------------------------------
[debug] [2017-09-21T06:40:58.231Z] Command:      /Users/jasongornall/.nvm/versions/node/v6.9.1/bin/node /Users/jasongornall/.nvm/versions/node/v6.9.1/bin/firebase serve --only functions
[debug] [2017-09-21T06:40:58.232Z] CLI Version:  3.9.1
[debug] [2017-09-21T06:40:58.232Z] Platform:     darwin
[debug] [2017-09-21T06:40:58.232Z] Node Version: v6.9.1
[debug] [2017-09-21T06:40:58.233Z] Time:         Wed Sep 20 2017 23:40:58 GMT-0700 (PDT)
[debug] [2017-09-21T06:40:58.233Z] ----------------------------------------------------------------------
[debug] 
[debug] [2017-09-21T06:40:58.253Z] > command requires scopes: ["email","openid","https://www.googleapis.com/auth/cloudplatformprojects.readonly","https://www.googleapis.com/auth/firebase","https://www.googleapis.com/auth/cloud-platform"]
[debug] [2017-09-21T06:40:58.254Z] > authorizing via signed-in user
[debug] [2017-09-21T06:40:58.257Z] >>> HTTP REQUEST GET https://admin.firebase.com/v1/projects/momma-bot  
 Wed Sep 20 2017 23:40:58 GMT-0700 (PDT)
[debug] [2017-09-21T06:40:58.703Z] <<< HTTP RESPONSE 200
[debug] [2017-09-21T06:40:58.707Z] >>> HTTP REQUEST GET https://admin.firebase.com/v1/database/momma-bot/tokens  
 Wed Sep 20 2017 23:40:58 GMT-0700 (PDT)
[debug] [2017-09-21T06:40:59.095Z] <<< HTTP RESPONSE 200
[info] 
[info] === Serving from '/Users/jasongornall/dev/lessthan3/momma-bot'...
[info] 
[info] i  functions: Preparing to emulate HTTPS functions. Support for other event types coming soon.
[debug] [2017-09-21T06:41:00.385Z] >>> HTTP REQUEST GET https://appengine.googleapis.com/v1/apps/momma-bot  
 Wed Sep 20 2017 23:41:00 GMT-0700 (PDT)
[debug] [2017-09-21T06:41:00.386Z] >>> HTTP REQUEST GET https://apikeys.googleapis.com/v1/projects/momma-bot/apiKeys  
 Wed Sep 20 2017 23:41:00 GMT-0700 (PDT)
[debug] [2017-09-21T06:41:00.866Z] <<< HTTP RESPONSE 200
[debug] [2017-09-21T06:41:00.889Z] <<< HTTP RESPONSE 200
[info] ✔  functions: helloWorld: http://localhost:5002/momma-bot/us-central1/helloWorld
[info] Shutting down...
[info] Shutting down...
